#At time x process y state arr w total z remain y wait k
At time	4	process	1	started arr	4	total	11	remain	11	wait	0
At time	9	process	1	stopped arr	4	total	11	remain	6	wait	0
At time	9	process	3	started arr	8	total	28	remain	28	wait	1
At time	14	process	3	stopped arr	8	total	28	remain	23	wait	0
At time	14	process	3	started arr	8	total	28	remain	23	wait	6
At time	19	process	3	stopped arr	8	total	28	remain	18	wait	0
At time	19	process	3	started arr	8	total	28	remain	18	wait	11
At time	24	process	3	stopped arr	8	total	28	remain	13	wait	0
At time	24	process	3	started arr	8	total	28	remain	13	wait	16
At time	29	process	3	stopped arr	8	total	28	remain	8	wait	0
At time	29	process	3	started arr	8	total	28	remain	8	wait	21
At time	34	process	3	stopped arr	8	total	28	remain	3	wait	0
At time	34	process	3	started arr	8	total	28	remain	3	wait	26
At time	37	process	3	finished arr	8	total	28	remain	0	wait	1	TA	29 WTA	1.04
At time	37	process	4	started arr	13	total	7	remain	7	wait	24
At time	42	process	4	stopped arr	13	total	7	remain	2	wait	0
At time	42	process	4	started arr	13	total	7	remain	2	wait	29
At time	44	process	4	finished arr	13	total	7	remain	0	wait	24	TA	31 WTA	4.43
At time	44	process	2	started arr	7	total	2	remain	2	wait	37
At time	46	process	2	finished arr	7	total	2	remain	0	wait	37	TA	39 WTA	19.50
At time	46	process	5	started arr	22	total	7	remain	7	wait	24
At time	51	process	5	stopped arr	22	total	7	remain	2	wait	0
At time	51	process	5	started arr	22	total	7	remain	2	wait	29
At time	53	process	5	finished arr	22	total	7	remain	0	wait	24	TA	31 WTA	4.43
At time	53	process	1	started arr	4	total	11	remain	6	wait	49
At time	58	process	1	stopped arr	4	total	11	remain	1	wait	0
At time	58	process	1	resumed arr	4	total	11	remain	1	wait	44
At time	59	process	1	finished arr	4	total	11	remain	0	wait	44	TA	55 WTA	5.00
