#At time x process y state arr w total z remain y wait k
At time	3	process	1	started arr	3	total	3	remain	3	wait	0
At time	6	process	1	finished arr	3	total	3	remain	0	wait	0	TA	3 WTA	1.00
At time	6	process	4	started arr	6	total	7	remain	7	wait	0
At time	10	process	4	stopped arr	6	total	7	remain	3	wait	0
At time	10	process	6	started arr	9	total	8	remain	8	wait	1
At time	14	process	6	stopped arr	9	total	8	remain	4	wait	0
At time	14	process	5	started arr	6	total	1	remain	1	wait	8
At time	15	process	5	finished arr	6	total	1	remain	0	wait	8	TA	9 WTA	9.00
At time	15	process	6	resumed arr	9	total	8	remain	4	wait	2
At time	19	process	6	finished arr	9	total	8	remain	0	wait	2	TA	10 WTA	1.25
At time	19	process	10	started arr	19	total	5	remain	5	wait	0
At time	23	process	10	stopped arr	19	total	5	remain	1	wait	0
At time	23	process	3	started arr	5	total	6	remain	6	wait	18
At time	27	process	3	stopped arr	5	total	6	remain	2	wait	0
At time	27	process	4	resumed arr	6	total	7	remain	3	wait	18
At time	30	process	4	finished arr	6	total	7	remain	0	wait	17	TA	24 WTA	3.43
At time	30	process	10	resumed arr	19	total	5	remain	1	wait	10
At time	31	process	10	finished arr	19	total	5	remain	0	wait	7	TA	12 WTA	2.40
At time	31	process	3	started arr	5	total	6	remain	2	wait	26
At time	33	process	3	finished arr	5	total	6	remain	0	wait	22	TA	28 WTA	4.67
At time	33	process	9	started arr	19	total	5	remain	5	wait	14
At time	37	process	9	stopped arr	19	total	5	remain	1	wait	0
At time	37	process	2	started arr	4	total	5	remain	5	wait	33
At time	41	process	2	stopped arr	4	total	5	remain	1	wait	0
At time	41	process	9	resumed arr	19	total	5	remain	1	wait	21
At time	42	process	9	finished arr	19	total	5	remain	0	wait	18	TA	23 WTA	4.60
At time	42	process	2	started arr	4	total	5	remain	1	wait	38
At time	43	process	2	finished arr	4	total	5	remain	0	wait	34	TA	39 WTA	7.80
At time	43	process	7	started arr	13	total	9	remain	9	wait	30
At time	47	process	7	stopped arr	13	total	9	remain	5	wait	0
At time	47	process	8	started arr	17	total	2	remain	2	wait	30
At time	49	process	8	finished arr	17	total	2	remain	0	wait	30	TA	32 WTA	16.00
At time	49	process	7	resumed arr	13	total	9	remain	5	wait	31
At time	53	process	7	stopped arr	13	total	9	remain	1	wait	0
At time	53	process	7	resumed arr	13	total	9	remain	1	wait	39
At time	54	process	7	finished arr	13	total	9	remain	0	wait	32	TA	41 WTA	4.56
